<?xml version="1.0" encoding="UTF-8"?>
<!-- Generated by org.testng.reporters.JUnitXMLReporter -->
<testsuite ignored="0" hostname="MacBook-Pro.local" failures="0" tests="14" name="Default test" time="4.327" errors="0" timestamp="2024-11-27T18:04:21 EST">
  <testcase classname="api.test.PetTest" name="testCreatePet" time="1.087"/>
  <testcase classname="api.test.PetTest" name="testCreatePet" time="0.163"/>
  <testcase classname="api.test.PetTest" name="testCreatePet" time="0.155"/>
  <testcase classname="api.test.PetTest" name="testCreatePet" time="0.163"/>
  <testcase classname="api.test.PetTest" name="testCreatePet" time="0.149"/>
  <testcase classname="api.test.PetTest" name="testCreatePet" time="0.269"/>
  <testcase classname="api.test.PetTest" name="testCreatePet" time="0.139"/>
  <testcase classname="api.test.PetTest" name="deletePet" time="0.204"/>
  <testcase classname="api.test.PetTest" name="deletePet" time="0.168"/>
  <testcase classname="api.test.PetTest" name="deletePet" time="0.143"/>
  <testcase classname="api.test.PetTest" name="deletePet" time="0.155"/>
  <testcase classname="api.test.PetTest" name="deletePet" time="0.204"/>
  <testcase classname="api.test.PetTest" name="deletePet" time="0.221"/>
  <testcase classname="api.test.PetTest" name="deletePet" time="0.243"/>
</testsuite> <!-- Default test -->
