<?xml version="1.0" encoding="UTF-8"?>
<testng-results ignored="0" total="16" passed="16" failed="0" skipped="0">
  <reporter-output>
  </reporter-output>
  <suite started-at="2024-11-27T18:26:29 EST" name="PetSuite" finished-at="2024-11-27T18:26:34 EST" duration-ms="5316">
    <groups>
    </groups>
    <test started-at="2024-11-27T18:26:29 EST" name="Test" finished-at="2024-11-27T18:26:34 EST" duration-ms="5316">
      <class name="api.test.PetTest">
        <test-method signature="testCreatePet(java.lang.String,java.lang.String,java.lang.String,java.lang.String,java.lang.String,java.lang.String,java.lang.String,java.lang.String)[pri:1, instance:api.test.PetTest@59505b48]" started-at="2024-11-27T18:26:30 EST" name="testCreatePet" data-provider="allData" finished-at="2024-11-27T18:26:31 EST" duration-ms="1570" status="PASS">
          <params>
            <param index="0">
              <value>
                <![CDATA[100]]>
              </value>
            </param>
            <param index="1">
              <value>
                <![CDATA[1]]>
              </value>
            </param>
            <param index="2">
              <value>
                <![CDATA[dog]]>
              </value>
            </param>
            <param index="3">
              <value>
                <![CDATA[kale]]>
              </value>
            </param>
            <param index="4">
              <value>
                <![CDATA[url_1]]>
              </value>
            </param>
            <param index="5">
              <value>
                <![CDATA[10]]>
              </value>
            </param>
            <param index="6">
              <value>
                <![CDATA[tag_1]]>
              </value>
            </param>
            <param index="7">
              <value>
                <![CDATA[available]]>
              </value>
            </param>
          </params>
          <reporter-output>
          </reporter-output>
        </test-method> <!-- testCreatePet -->
        <test-method signature="testCreatePet(java.lang.String,java.lang.String,java.lang.String,java.lang.String,java.lang.String,java.lang.String,java.lang.String,java.lang.String)[pri:1, instance:api.test.PetTest@59505b48]" started-at="2024-11-27T18:26:31 EST" name="testCreatePet" data-provider="allData" finished-at="2024-11-27T18:26:32 EST" duration-ms="237" status="PASS">
          <params>
            <param index="0">
              <value>
                <![CDATA[101]]>
              </value>
            </param>
            <param index="1">
              <value>
                <![CDATA[1]]>
              </value>
            </param>
            <param index="2">
              <value>
                <![CDATA[dog]]>
              </value>
            </param>
            <param index="3">
              <value>
                <![CDATA[khaire]]>
              </value>
            </param>
            <param index="4">
              <value>
                <![CDATA[url_2]]>
              </value>
            </param>
            <param index="5">
              <value>
                <![CDATA[11]]>
              </value>
            </param>
            <param index="6">
              <value>
                <![CDATA[tag_2]]>
              </value>
            </param>
            <param index="7">
              <value>
                <![CDATA[Adopted]]>
              </value>
            </param>
          </params>
          <reporter-output>
          </reporter-output>
        </test-method> <!-- testCreatePet -->
        <test-method signature="testCreatePet(java.lang.String,java.lang.String,java.lang.String,java.lang.String,java.lang.String,java.lang.String,java.lang.String,java.lang.String)[pri:1, instance:api.test.PetTest@59505b48]" started-at="2024-11-27T18:26:32 EST" name="testCreatePet" data-provider="allData" finished-at="2024-11-27T18:26:32 EST" duration-ms="184" status="PASS">
          <params>
            <param index="0">
              <value>
                <![CDATA[103]]>
              </value>
            </param>
            <param index="1">
              <value>
                <![CDATA[1]]>
              </value>
            </param>
            <param index="2">
              <value>
                <![CDATA[dog]]>
              </value>
            </param>
            <param index="3">
              <value>
                <![CDATA[bhote]]>
              </value>
            </param>
            <param index="4">
              <value>
                <![CDATA[url_3]]>
              </value>
            </param>
            <param index="5">
              <value>
                <![CDATA[12]]>
              </value>
            </param>
            <param index="6">
              <value>
                <![CDATA[tag_3]]>
              </value>
            </param>
            <param index="7">
              <value>
                <![CDATA[available]]>
              </value>
            </param>
          </params>
          <reporter-output>
          </reporter-output>
        </test-method> <!-- testCreatePet -->
        <test-method signature="testCreatePet(java.lang.String,java.lang.String,java.lang.String,java.lang.String,java.lang.String,java.lang.String,java.lang.String,java.lang.String)[pri:1, instance:api.test.PetTest@59505b48]" started-at="2024-11-27T18:26:32 EST" name="testCreatePet" data-provider="allData" finished-at="2024-11-27T18:26:32 EST" duration-ms="187" status="PASS">
          <params>
            <param index="0">
              <value>
                <![CDATA[104]]>
              </value>
            </param>
            <param index="1">
              <value>
                <![CDATA[2]]>
              </value>
            </param>
            <param index="2">
              <value>
                <![CDATA[cat]]>
              </value>
            </param>
            <param index="3">
              <value>
                <![CDATA[suri]]>
              </value>
            </param>
            <param index="4">
              <value>
                <![CDATA[url_4]]>
              </value>
            </param>
            <param index="5">
              <value>
                <![CDATA[13]]>
              </value>
            </param>
            <param index="6">
              <value>
                <![CDATA[tag_4]]>
              </value>
            </param>
            <param index="7">
              <value>
                <![CDATA[available]]>
              </value>
            </param>
          </params>
          <reporter-output>
          </reporter-output>
        </test-method> <!-- testCreatePet -->
        <test-method signature="testCreatePet(java.lang.String,java.lang.String,java.lang.String,java.lang.String,java.lang.String,java.lang.String,java.lang.String,java.lang.String)[pri:1, instance:api.test.PetTest@59505b48]" started-at="2024-11-27T18:26:32 EST" name="testCreatePet" data-provider="allData" finished-at="2024-11-27T18:26:32 EST" duration-ms="167" status="PASS">
          <params>
            <param index="0">
              <value>
                <![CDATA[105]]>
              </value>
            </param>
            <param index="1">
              <value>
                <![CDATA[2]]>
              </value>
            </param>
            <param index="2">
              <value>
                <![CDATA[cat]]>
              </value>
            </param>
            <param index="3">
              <value>
                <![CDATA[myau]]>
              </value>
            </param>
            <param index="4">
              <value>
                <![CDATA[url_5]]>
              </value>
            </param>
            <param index="5">
              <value>
                <![CDATA[14]]>
              </value>
            </param>
            <param index="6">
              <value>
                <![CDATA[tag_5]]>
              </value>
            </param>
            <param index="7">
              <value>
                <![CDATA[available]]>
              </value>
            </param>
          </params>
          <reporter-output>
          </reporter-output>
        </test-method> <!-- testCreatePet -->
        <test-method signature="testCreatePet(java.lang.String,java.lang.String,java.lang.String,java.lang.String,java.lang.String,java.lang.String,java.lang.String,java.lang.String)[pri:1, instance:api.test.PetTest@59505b48]" started-at="2024-11-27T18:26:32 EST" name="testCreatePet" data-provider="allData" finished-at="2024-11-27T18:26:32 EST" duration-ms="163" status="PASS">
          <params>
            <param index="0">
              <value>
                <![CDATA[106]]>
              </value>
            </param>
            <param index="1">
              <value>
                <![CDATA[2]]>
              </value>
            </param>
            <param index="2">
              <value>
                <![CDATA[cat]]>
              </value>
            </param>
            <param index="3">
              <value>
                <![CDATA[dhade]]>
              </value>
            </param>
            <param index="4">
              <value>
                <![CDATA[url_6]]>
              </value>
            </param>
            <param index="5">
              <value>
                <![CDATA[15]]>
              </value>
            </param>
            <param index="6">
              <value>
                <![CDATA[tag_6]]>
              </value>
            </param>
            <param index="7">
              <value>
                <![CDATA[sick]]>
              </value>
            </param>
          </params>
          <reporter-output>
          </reporter-output>
        </test-method> <!-- testCreatePet -->
        <test-method signature="testCreatePet(java.lang.String,java.lang.String,java.lang.String,java.lang.String,java.lang.String,java.lang.String,java.lang.String,java.lang.String)[pri:1, instance:api.test.PetTest@59505b48]" started-at="2024-11-27T18:26:32 EST" name="testCreatePet" data-provider="allData" finished-at="2024-11-27T18:26:32 EST" duration-ms="213" status="PASS">
          <params>
            <param index="0">
              <value>
                <![CDATA[107]]>
              </value>
            </param>
            <param index="1">
              <value>
                <![CDATA[3]]>
              </value>
            </param>
            <param index="2">
              <value>
                <![CDATA[Gai]]>
              </value>
            </param>
            <param index="3">
              <value>
                <![CDATA[putali]]>
              </value>
            </param>
            <param index="4">
              <value>
                <![CDATA[url_7]]>
              </value>
            </param>
            <param index="5">
              <value>
                <![CDATA[16]]>
              </value>
            </param>
            <param index="6">
              <value>
                <![CDATA[tag_6]]>
              </value>
            </param>
            <param index="7">
              <value>
                <![CDATA[goddess]]>
              </value>
            </param>
          </params>
          <reporter-output>
          </reporter-output>
        </test-method> <!-- testCreatePet -->
        <test-method signature="deletePet(java.lang.String)[pri:2, instance:api.test.PetTest@59505b48]" started-at="2024-11-27T18:26:32 EST" name="deletePet" data-provider="idData" finished-at="2024-11-27T18:26:33 EST" duration-ms="139" status="PASS">
          <params>
            <param index="0">
              <value>
                <![CDATA[100]]>
              </value>
            </param>
          </params>
          <reporter-output>
          </reporter-output>
        </test-method> <!-- deletePet -->
        <test-method signature="deletePet(java.lang.String)[pri:2, instance:api.test.PetTest@59505b48]" started-at="2024-11-27T18:26:33 EST" name="deletePet" data-provider="idData" finished-at="2024-11-27T18:26:33 EST" duration-ms="191" status="PASS">
          <params>
            <param index="0">
              <value>
                <![CDATA[101]]>
              </value>
            </param>
          </params>
          <reporter-output>
          </reporter-output>
        </test-method> <!-- deletePet -->
        <test-method signature="deletePet(java.lang.String)[pri:2, instance:api.test.PetTest@59505b48]" started-at="2024-11-27T18:26:33 EST" name="deletePet" data-provider="idData" finished-at="2024-11-27T18:26:33 EST" duration-ms="153" status="PASS">
          <params>
            <param index="0">
              <value>
                <![CDATA[103]]>
              </value>
            </param>
          </params>
          <reporter-output>
          </reporter-output>
        </test-method> <!-- deletePet -->
        <test-method signature="deletePet(java.lang.String)[pri:2, instance:api.test.PetTest@59505b48]" started-at="2024-11-27T18:26:33 EST" name="deletePet" data-provider="idData" finished-at="2024-11-27T18:26:33 EST" duration-ms="225" status="PASS">
          <params>
            <param index="0">
              <value>
                <![CDATA[104]]>
              </value>
            </param>
          </params>
          <reporter-output>
          </reporter-output>
        </test-method> <!-- deletePet -->
        <test-method signature="deletePet(java.lang.String)[pri:2, instance:api.test.PetTest@59505b48]" started-at="2024-11-27T18:26:33 EST" name="deletePet" data-provider="idData" finished-at="2024-11-27T18:26:33 EST" duration-ms="122" status="PASS">
          <params>
            <param index="0">
              <value>
                <![CDATA[105]]>
              </value>
            </param>
          </params>
          <reporter-output>
          </reporter-output>
        </test-method> <!-- deletePet -->
        <test-method signature="deletePet(java.lang.String)[pri:2, instance:api.test.PetTest@59505b48]" started-at="2024-11-27T18:26:33 EST" name="deletePet" data-provider="idData" finished-at="2024-11-27T18:26:34 EST" duration-ms="196" status="PASS">
          <params>
            <param index="0">
              <value>
                <![CDATA[106]]>
              </value>
            </param>
          </params>
          <reporter-output>
          </reporter-output>
        </test-method> <!-- deletePet -->
        <test-method signature="deletePet(java.lang.String)[pri:2, instance:api.test.PetTest@59505b48]" started-at="2024-11-27T18:26:34 EST" name="deletePet" data-provider="idData" finished-at="2024-11-27T18:26:34 EST" duration-ms="244" status="PASS">
          <params>
            <param index="0">
              <value>
                <![CDATA[107]]>
              </value>
            </param>
          </params>
          <reporter-output>
          </reporter-output>
        </test-method> <!-- deletePet -->
      </class> <!-- api.test.PetTest -->
      <class name="api.test.UserTests">
        <test-method is-config="true" signature="setupData()[pri:0, instance:api.test.UserTests@71ba6d4e]" started-at="2024-11-27T18:26:34 EST" name="setupData" finished-at="2024-11-27T18:26:34 EST" duration-ms="95" status="PASS">
          <reporter-output>
          </reporter-output>
        </test-method> <!-- setupData -->
        <test-method signature="testPostUser()[pri:1, instance:api.test.UserTests@71ba6d4e]" started-at="2024-11-27T18:26:34 EST" name="testPostUser" finished-at="2024-11-27T18:26:34 EST" duration-ms="169" status="PASS">
          <reporter-output>
          </reporter-output>
        </test-method> <!-- testPostUser -->
        <test-method signature="getUserByName()[pri:2, instance:api.test.UserTests@71ba6d4e]" started-at="2024-11-27T18:26:34 EST" name="getUserByName" finished-at="2024-11-27T18:26:34 EST" duration-ms="184" status="PASS">
          <reporter-output>
          </reporter-output>
        </test-method> <!-- getUserByName -->
      </class> <!-- api.test.UserTests -->
    </test> <!-- Test -->
  </suite> <!-- PetSuite -->
</testng-results>
