<?xml version="1.0" encoding="UTF-8"?>
<!-- Generated by org.testng.reporters.JUnitXMLReporter -->
<testsuite ignored="0" hostname="MacBook-Pro.local" failures="0" tests="16" name="Test" time="5.316" errors="0" timestamp="2024-11-27T18:26:34 EST">
  <testcase classname="api.test.PetTest" name="testCreatePet" time="1.57"/>
  <testcase classname="api.test.PetTest" name="testCreatePet" time="0.237"/>
  <testcase classname="api.test.PetTest" name="testCreatePet" time="0.184"/>
  <testcase classname="api.test.PetTest" name="testCreatePet" time="0.187"/>
  <testcase classname="api.test.PetTest" name="testCreatePet" time="0.167"/>
  <testcase classname="api.test.PetTest" name="testCreatePet" time="0.163"/>
  <testcase classname="api.test.PetTest" name="testCreatePet" time="0.213"/>
  <testcase classname="api.test.PetTest" name="deletePet" time="0.139"/>
  <testcase classname="api.test.PetTest" name="deletePet" time="0.191"/>
  <testcase classname="api.test.PetTest" name="deletePet" time="0.153"/>
  <testcase classname="api.test.PetTest" name="deletePet" time="0.225"/>
  <testcase classname="api.test.PetTest" name="deletePet" time="0.122"/>
  <testcase classname="api.test.PetTest" name="deletePet" time="0.196"/>
  <testcase classname="api.test.PetTest" name="deletePet" time="0.244"/>
  <testcase classname="api.test.UserTests" name="testPostUser" time="0.169"/>
  <testcase classname="api.test.UserTests" name="getUserByName" time="0.184"/>
</testsuite> <!-- Test -->
